CRITICAL - 2026-07-20 05:51:35 --> CodeIgniter\Exceptions\CriticalError: The required PHP extension "pgsql" is not loaded. Install and enable it to use "Postgre" driver.
[Method: GET, Route: test]
in SYSTEMPATH\Database\Database.php on line 186.
 1 SYSTEMPATH\Database\Database.php(59): CodeIgniter\Database\Database->checkDbExtension('Postgre')
 2 SYSTEMPATH\Database\Config.php(82): CodeIgniter\Database\Database->load([...], 'postgres')
 3 APPPATH\Models\TestModel.php(21): CodeIgniter\Database\Config::connect('postgres')
 4 APPPATH\Controllers\Test.php(14): App\Models\TestModel->getPostgres()
 5 SYSTEMPATH\CodeIgniter.php(974): App\Controllers\Test->index()
 6 SYSTEMPATH\CodeIgniter.php(520): CodeIgniter\CodeIgniter->runController(Object(App\Controllers\Test))
 7 SYSTEMPATH\CodeIgniter.php(363): CodeIgniter\CodeIgniter->handleRequest(null, Object(Config\Cache), false)
 8 SYSTEMPATH\Boot.php(417): CodeIgniter\CodeIgniter->run()
 9 SYSTEMPATH\Boot.php(68): CodeIgniter\Boot::runCodeIgniter(Object(CodeIgniter\CodeIgniter))
10 FCPATH\index.php(59): CodeIgniter\Boot::bootWeb(Object(Config\Paths))
11 SYSTEMPATH\rewrite.php(44): require_once('C:\\Users\\Honore\\Documents\\GitHub\\4027_4090_S4\\public\\index.php')
CRITICAL - 2026-07-20 05:51:39 --> CodeIgniter\Exceptions\CriticalError: The required PHP extension "pgsql" is not loaded. Install and enable it to use "Postgre" driver.
[Method: GET, Route: test]
in SYSTEMPATH\Database\Database.php on line 186.
 1 SYSTEMPATH\Database\Database.php(59): CodeIgniter\Database\Database->checkDbExtension('Postgre')
 2 SYSTEMPATH\Database\Config.php(82): CodeIgniter\Database\Database->load([...], 'postgres')
 3 APPPATH\Models\TestModel.php(21): CodeIgniter\Database\Config::connect('postgres')
 4 APPPATH\Controllers\Test.php(14): App\Models\TestModel->getPostgres()
 5 SYSTEMPATH\CodeIgniter.php(974): App\Controllers\Test->index()
 6 SYSTEMPATH\CodeIgniter.php(520): CodeIgniter\CodeIgniter->runController(Object(App\Controllers\Test))
 7 SYSTEMPATH\CodeIgniter.php(363): CodeIgniter\CodeIgniter->handleRequest(null, Object(Config\Cache), false)
 8 SYSTEMPATH\Boot.php(417): CodeIgniter\CodeIgniter->run()
 9 SYSTEMPATH\Boot.php(68): CodeIgniter\Boot::runCodeIgniter(Object(CodeIgniter\CodeIgniter))
10 FCPATH\index.php(59): CodeIgniter\Boot::bootWeb(Object(Config\Paths))
11 SYSTEMPATH\rewrite.php(44): require_once('C:\\Users\\Honore\\Documents\\GitHub\\4027_4090_S4\\public\\index.php')
CRITICAL - 2026-07-20 05:52:19 --> CodeIgniter\Exceptions\CriticalError: The required PHP extension "pgsql" is not loaded. Install and enable it to use "Postgre" driver.
[Method: GET, Route: /]
in SYSTEMPATH\Database\Database.php on line 186.
 1 SYSTEMPATH\Database\Database.php(59): CodeIgniter\Database\Database->checkDbExtension('Postgre')
 2 SYSTEMPATH\Database\Config.php(82): CodeIgniter\Database\Database->load([...], 'postgres')
 3 APPPATH\Models\TestModel.php(21): CodeIgniter\Database\Config::connect('postgres')
 4 APPPATH\Controllers\Test.php(14): App\Models\TestModel->getPostgres()
 5 SYSTEMPATH\CodeIgniter.php(974): App\Controllers\Test->index()
 6 SYSTEMPATH\CodeIgniter.php(520): CodeIgniter\CodeIgniter->runController(Object(App\Controllers\Test))
 7 SYSTEMPATH\CodeIgniter.php(363): CodeIgniter\CodeIgniter->handleRequest(null, Object(Config\Cache), false)
 8 SYSTEMPATH\Boot.php(417): CodeIgniter\CodeIgniter->run()
 9 SYSTEMPATH\Boot.php(68): CodeIgniter\Boot::runCodeIgniter(Object(CodeIgniter\CodeIgniter))
10 FCPATH\index.php(59): CodeIgniter\Boot::bootWeb(Object(Config\Paths))
11 SYSTEMPATH\rewrite.php(44): require_once('C:\\Users\\Honore\\Documents\\GitHub\\4027_4090_S4\\public\\index.php')
CRITICAL - 2026-07-20 05:53:15 --> CodeIgniter\Exceptions\CriticalError: The required PHP extension "pgsql" is not loaded. Install and enable it to use "Postgre" driver.
[Method: GET, Route: test]
in SYSTEMPATH\Database\Database.php on line 186.
 1 SYSTEMPATH\Database\Database.php(59): CodeIgniter\Database\Database->checkDbExtension('Postgre')
 2 SYSTEMPATH\Database\Config.php(82): CodeIgniter\Database\Database->load([...], 'postgres')
 3 APPPATH\Models\TestModel.php(21): CodeIgniter\Database\Config::connect('postgres')
 4 APPPATH\Controllers\Test.php(14): App\Models\TestModel->getPostgres()
 5 SYSTEMPATH\CodeIgniter.php(974): App\Controllers\Test->index()
 6 SYSTEMPATH\CodeIgniter.php(520): CodeIgniter\CodeIgniter->runController(Object(App\Controllers\Test))
 7 SYSTEMPATH\CodeIgniter.php(363): CodeIgniter\CodeIgniter->handleRequest(null, Object(Config\Cache), false)
 8 SYSTEMPATH\Boot.php(417): CodeIgniter\CodeIgniter->run()
 9 SYSTEMPATH\Boot.php(68): CodeIgniter\Boot::runCodeIgniter(Object(CodeIgniter\CodeIgniter))
10 FCPATH\index.php(59): CodeIgniter\Boot::bootWeb(Object(Config\Paths))
11 SYSTEMPATH\rewrite.php(44): require_once('C:\\Users\\Honore\\Documents\\GitHub\\4027_4090_S4\\public\\index.php')
CRITICAL - 2026-07-20 05:55:20 --> CodeIgniter\Exceptions\CriticalError: The required PHP extension "pgsql" is not loaded. Install and enable it to use "Postgre" driver.
[Method: GET, Route: test]
in SYSTEMPATH\Database\Database.php on line 186.
 1 SYSTEMPATH\Database\Database.php(59): CodeIgniter\Database\Database->checkDbExtension('Postgre')
 2 SYSTEMPATH\Database\Config.php(82): CodeIgniter\Database\Database->load([...], 'postgres')
 3 APPPATH\Models\TestModel.php(21): CodeIgniter\Database\Config::connect('postgres')
 4 APPPATH\Controllers\Test.php(14): App\Models\TestModel->getPostgres()
 5 SYSTEMPATH\CodeIgniter.php(974): App\Controllers\Test->index()
 6 SYSTEMPATH\CodeIgniter.php(520): CodeIgniter\CodeIgniter->runController(Object(App\Controllers\Test))
 7 SYSTEMPATH\CodeIgniter.php(363): CodeIgniter\CodeIgniter->handleRequest(null, Object(Config\Cache), false)
 8 SYSTEMPATH\Boot.php(417): CodeIgniter\CodeIgniter->run()
 9 SYSTEMPATH\Boot.php(68): CodeIgniter\Boot::runCodeIgniter(Object(CodeIgniter\CodeIgniter))
10 FCPATH\index.php(59): CodeIgniter\Boot::bootWeb(Object(Config\Paths))
11 SYSTEMPATH\rewrite.php(44): require_once('C:\\Users\\Honore\\Documents\\GitHub\\4027_4090_S4\\public\\index.php')
CRITICAL - 2026-07-20 05:56:29 --> CodeIgniter\Exceptions\CriticalError: The required PHP extension "pgsql" is not loaded. Install and enable it to use "Postgre" driver.
[Method: GET, Route: test]
in SYSTEMPATH\Database\Database.php on line 186.
 1 SYSTEMPATH\Database\Database.php(59): CodeIgniter\Database\Database->checkDbExtension('Postgre')
 2 SYSTEMPATH\Database\Config.php(82): CodeIgniter\Database\Database->load([...], 'postgres')
 3 APPPATH\Models\TestModel.php(21): CodeIgniter\Database\Config::connect('postgres')
 4 APPPATH\Controllers\Test.php(14): App\Models\TestModel->getPostgres()
 5 SYSTEMPATH\CodeIgniter.php(974): App\Controllers\Test->index()
 6 SYSTEMPATH\CodeIgniter.php(520): CodeIgniter\CodeIgniter->runController(Object(App\Controllers\Test))
 7 SYSTEMPATH\CodeIgniter.php(363): CodeIgniter\CodeIgniter->handleRequest(null, Object(Config\Cache), false)
 8 SYSTEMPATH\Boot.php(417): CodeIgniter\CodeIgniter->run()
 9 SYSTEMPATH\Boot.php(68): CodeIgniter\Boot::runCodeIgniter(Object(CodeIgniter\CodeIgniter))
10 FCPATH\index.php(59): CodeIgniter\Boot::bootWeb(Object(Config\Paths))
11 SYSTEMPATH\rewrite.php(44): require_once('C:\\Users\\Honore\\Documents\\GitHub\\4027_4090_S4\\public\\index.php')
CRITICAL - 2026-07-20 05:57:42 --> CodeIgniter\Exceptions\CriticalError: The required PHP extension "pgsql" is not loaded. Install and enable it to use "Postgre" driver.
[Method: GET, Route: test]
in SYSTEMPATH\Database\Database.php on line 186.
 1 SYSTEMPATH\Database\Database.php(59): CodeIgniter\Database\Database->checkDbExtension('Postgre')
 2 SYSTEMPATH\Database\Config.php(82): CodeIgniter\Database\Database->load([...], 'postgres')
 3 APPPATH\Models\TestModel.php(21): CodeIgniter\Database\Config::connect('postgres')
 4 APPPATH\Controllers\Test.php(14): App\Models\TestModel->getPostgres()
 5 SYSTEMPATH\CodeIgniter.php(974): App\Controllers\Test->index()
 6 SYSTEMPATH\CodeIgniter.php(520): CodeIgniter\CodeIgniter->runController(Object(App\Controllers\Test))
 7 SYSTEMPATH\CodeIgniter.php(363): CodeIgniter\CodeIgniter->handleRequest(null, Object(Config\Cache), false)
 8 SYSTEMPATH\Boot.php(417): CodeIgniter\CodeIgniter->run()
 9 SYSTEMPATH\Boot.php(68): CodeIgniter\Boot::runCodeIgniter(Object(CodeIgniter\CodeIgniter))
10 FCPATH\index.php(59): CodeIgniter\Boot::bootWeb(Object(Config\Paths))
11 SYSTEMPATH\rewrite.php(44): require_once('C:\\Users\\Honore\\Documents\\GitHub\\4027_4090_S4\\public\\index.php')
CRITICAL - 2026-07-20 06:36:57 --> ErrorException: Undefined variable $mysql
[Method: GET, Route: test]
in APPPATH\Views\test.php on line 17.
 1 APPPATH\Views\test.php(17): CodeIgniter\Debug\Exceptions->errorHandler(2, 'Undefined variable $mysql', 'C:\\Users\\Honore\\Documents\\GitHub\\4027_4090_S4\\app\\Views\\test.php', 17)
 2 SYSTEMPATH\View\View.php(240): include('C:\\Users\\Honore\\Documents\\GitHub\\4027_4090_S4\\app\\Views\\test.php')
 3 SYSTEMPATH\View\View.php(243): CodeIgniter\View\View->{closure:CodeIgniter\View\View::render():237}()
 4 SYSTEMPATH\Common.php(1268): CodeIgniter\View\View->render('test', [], true)
 5 APPPATH\Controllers\Test.php(17): view('test', [...])
 6 SYSTEMPATH\CodeIgniter.php(974): App\Controllers\Test->index()
 7 SYSTEMPATH\CodeIgniter.php(520): CodeIgniter\CodeIgniter->runController(Object(App\Controllers\Test))
 8 SYSTEMPATH\CodeIgniter.php(363): CodeIgniter\CodeIgniter->handleRequest(null, Object(Config\Cache), false)
 9 SYSTEMPATH\Boot.php(417): CodeIgniter\CodeIgniter->run()
10 SYSTEMPATH\Boot.php(68): CodeIgniter\Boot::runCodeIgniter(Object(CodeIgniter\CodeIgniter))
11 FCPATH\index.php(59): CodeIgniter\Boot::bootWeb(Object(Config\Paths))
12 SYSTEMPATH\rewrite.php(44): require_once('C:\\Users\\Honore\\Documents\\GitHub\\4027_4090_S4\\public\\index.php')
CRITICAL - 2026-07-20 06:40:06 --> ErrorException: Undefined variable $postgres
[Method: GET, Route: test]
in APPPATH\Views\test.php on line 37.
 1 APPPATH\Views\test.php(37): CodeIgniter\Debug\Exceptions->errorHandler(2, 'Undefined variable $postgres', 'C:\\Users\\Honore\\Documents\\GitHub\\4027_4090_S4\\app\\Views\\test.php', 37)
 2 SYSTEMPATH\View\View.php(240): include('C:\\Users\\Honore\\Documents\\GitHub\\4027_4090_S4\\app\\Views\\test.php')
 3 SYSTEMPATH\View\View.php(243): CodeIgniter\View\View->{closure:CodeIgniter\View\View::render():237}()
 4 SYSTEMPATH\Common.php(1268): CodeIgniter\View\View->render('test', [], true)
 5 APPPATH\Controllers\Test.php(17): view('test', [...])
 6 SYSTEMPATH\CodeIgniter.php(974): App\Controllers\Test->index()
 7 SYSTEMPATH\CodeIgniter.php(520): CodeIgniter\CodeIgniter->runController(Object(App\Controllers\Test))
 8 SYSTEMPATH\CodeIgniter.php(363): CodeIgniter\CodeIgniter->handleRequest(null, Object(Config\Cache), false)
 9 SYSTEMPATH\Boot.php(417): CodeIgniter\CodeIgniter->run()
10 SYSTEMPATH\Boot.php(68): CodeIgniter\Boot::runCodeIgniter(Object(CodeIgniter\CodeIgniter))
11 FCPATH\index.php(59): CodeIgniter\Boot::bootWeb(Object(Config\Paths))
12 SYSTEMPATH\rewrite.php(44): require_once('C:\\Users\\Honore\\Documents\\GitHub\\4027_4090_S4\\public\\index.php')
CRITICAL - 2026-07-20 06:56:45 --> CodeIgniter\Exceptions\CriticalError: The required PHP extension "pgsql" is not loaded. Install and enable it to use "Postgre" driver.
[Method: GET, Route: test]
in SYSTEMPATH\Database\Database.php on line 186.
 1 SYSTEMPATH\Database\Database.php(59): CodeIgniter\Database\Database->checkDbExtension('Postgre')
 2 SYSTEMPATH\Database\Config.php(82): CodeIgniter\Database\Database->load([...], 'postgres')
 3 APPPATH\Models\TestModel.php(22): CodeIgniter\Database\Config::connect('postgres')
 4 APPPATH\Controllers\Test.php(14): App\Models\TestModel->getPostgres()
 5 SYSTEMPATH\CodeIgniter.php(974): App\Controllers\Test->index()
 6 SYSTEMPATH\CodeIgniter.php(520): CodeIgniter\CodeIgniter->runController(Object(App\Controllers\Test))
 7 SYSTEMPATH\CodeIgniter.php(363): CodeIgniter\CodeIgniter->handleRequest(null, Object(Config\Cache), false)
 8 SYSTEMPATH\Boot.php(417): CodeIgniter\CodeIgniter->run()
 9 SYSTEMPATH\Boot.php(68): CodeIgniter\Boot::runCodeIgniter(Object(CodeIgniter\CodeIgniter))
10 FCPATH\index.php(59): CodeIgniter\Boot::bootWeb(Object(Config\Paths))
11 SYSTEMPATH\rewrite.php(44): require_once('C:\\Users\\Honore\\Documents\\GitHub\\4027_4090_S4\\public\\index.php')
ERROR - 2026-07-20 07:59:12 --> Error connecting to the database: mysqli_sql_exception: No such file or directory in /home/joshua/Documents/GitHub/4027_4090_S4/system/Database/MySQLi/Connection.php:201
Stack trace:
#0 /home/joshua/Documents/GitHub/4027_4090_S4/system/Database/MySQLi/Connection.php(201): mysqli->real_connect()
#1 /home/joshua/Documents/GitHub/4027_4090_S4/system/Database/BaseConnection.php(555): CodeIgniter\Database\MySQLi\Connection->connect()
#2 /home/joshua/Documents/GitHub/4027_4090_S4/system/Database/BaseConnection.php(795): CodeIgniter\Database\BaseConnection->initialize()
#3 /home/joshua/Documents/GitHub/4027_4090_S4/system/Database/BaseBuilder.php(1659): CodeIgniter\Database\BaseConnection->query()
#4 /home/joshua/Documents/GitHub/4027_4090_S4/system/Model.php(255): CodeIgniter\Database\BaseBuilder->get()
#5 /home/joshua/Documents/GitHub/4027_4090_S4/system/BaseModel.php(676): CodeIgniter\Model->doFindAll()
#6 /home/joshua/Documents/GitHub/4027_4090_S4/app/Controllers/PrefixeController.php(19): CodeIgniter\BaseModel->findAll()
#7 /home/joshua/Documents/GitHub/4027_4090_S4/system/CodeIgniter.php(974): App\Controllers\PrefixeController->index()
#8 /home/joshua/Documents/GitHub/4027_4090_S4/system/CodeIgniter.php(520): CodeIgniter\CodeIgniter->runController()
#9 /home/joshua/Documents/GitHub/4027_4090_S4/system/CodeIgniter.php(363): CodeIgniter\CodeIgniter->handleRequest()
#10 /home/joshua/Documents/GitHub/4027_4090_S4/system/Boot.php(417): CodeIgniter\CodeIgniter->run()
#11 /home/joshua/Documents/GitHub/4027_4090_S4/system/Boot.php(68): CodeIgniter\Boot::runCodeIgniter()
#12 /home/joshua/Documents/GitHub/4027_4090_S4/public/index.php(59): CodeIgniter\Boot::bootWeb()
#13 /home/joshua/Documents/GitHub/4027_4090_S4/system/rewrite.php(44): require_once('...')
#14 {main}

Next CodeIgniter\Database\Exceptions\DatabaseException: No such file or directory in /home/joshua/Documents/GitHub/4027_4090_S4/system/Database/MySQLi/Connection.php:231
Stack trace:
#0 /home/joshua/Documents/GitHub/4027_4090_S4/system/Database/BaseConnection.php(555): CodeIgniter\Database\MySQLi\Connection->connect()
#1 /home/joshua/Documents/GitHub/4027_4090_S4/system/Database/BaseConnection.php(795): CodeIgniter\Database\BaseConnection->initialize()
#2 /home/joshua/Documents/GitHub/4027_4090_S4/system/Database/BaseBuilder.php(1659): CodeIgniter\Database\BaseConnection->query()
#3 /home/joshua/Documents/GitHub/4027_4090_S4/system/Model.php(255): CodeIgniter\Database\BaseBuilder->get()
#4 /home/joshua/Documents/GitHub/4027_4090_S4/system/BaseModel.php(676): CodeIgniter\Model->doFindAll()
#5 /home/joshua/Documents/GitHub/4027_4090_S4/app/Controllers/PrefixeController.php(19): CodeIgniter\BaseModel->findAll()
#6 /home/joshua/Documents/GitHub/4027_4090_S4/system/CodeIgniter.php(974): App\Controllers\PrefixeController->index()
#7 /home/joshua/Documents/GitHub/4027_4090_S4/system/CodeIgniter.php(520): CodeIgniter\CodeIgniter->runController()
#8 /home/joshua/Documents/GitHub/4027_4090_S4/system/CodeIgniter.php(363): CodeIgniter\CodeIgniter->handleRequest()
#9 /home/joshua/Documents/GitHub/4027_4090_S4/system/Boot.php(417): CodeIgniter\CodeIgniter->run()
#10 /home/joshua/Documents/GitHub/4027_4090_S4/system/Boot.php(68): CodeIgniter\Boot::runCodeIgniter()
#11 /home/joshua/Documents/GitHub/4027_4090_S4/public/index.php(59): CodeIgniter\Boot::bootWeb()
#12 /home/joshua/Documents/GitHub/4027_4090_S4/system/rewrite.php(44): require_once('...')
#13 {main}
CRITICAL - 2026-07-20 07:59:12 --> CodeIgniter\Database\Exceptions\DatabaseException: Unable to connect to the database.
Main connection [MySQLi]: No such file or directory
[Method: GET, Route: operateur]
in SYSTEMPATH/Database/BaseConnection.php on line 606.
 1 SYSTEMPATH/Database/BaseConnection.php(795): CodeIgniter\Database\BaseConnection->initialize()
 2 SYSTEMPATH/Database/BaseBuilder.php(1659): CodeIgniter\Database\BaseConnection->query()
 3 SYSTEMPATH/Model.php(255): CodeIgniter\Database\BaseBuilder->get()
 4 SYSTEMPATH/BaseModel.php(676): CodeIgniter\Model->doFindAll()
 5 APPPATH/Controllers/PrefixeController.php(19): CodeIgniter\BaseModel->findAll()
 6 SYSTEMPATH/CodeIgniter.php(974): App\Controllers\PrefixeController->index()
 7 SYSTEMPATH/CodeIgniter.php(520): CodeIgniter\CodeIgniter->runController()
 8 SYSTEMPATH/CodeIgniter.php(363): CodeIgniter\CodeIgniter->handleRequest()
 9 SYSTEMPATH/Boot.php(417): CodeIgniter\CodeIgniter->run()
10 SYSTEMPATH/Boot.php(68): CodeIgniter\Boot::runCodeIgniter()
11 FCPATH/index.php(59): CodeIgniter\Boot::bootWeb()
12 SYSTEMPATH/rewrite.php(44): require_once('/home/joshua/Documents/GitHub/4027_4090_S4/public/index.php')
ERROR - 2026-07-20 08:06:57 --> Error connecting to the database: mysqli_sql_exception: No such file or directory in /home/joshua/Documents/GitHub/4027_4090_S4/system/Database/MySQLi/Connection.php:201
Stack trace:
#0 /home/joshua/Documents/GitHub/4027_4090_S4/system/Database/MySQLi/Connection.php(201): mysqli->real_connect()
#1 /home/joshua/Documents/GitHub/4027_4090_S4/system/Database/BaseConnection.php(555): CodeIgniter\Database\MySQLi\Connection->connect()
#2 /home/joshua/Documents/GitHub/4027_4090_S4/system/Database/BaseConnection.php(795): CodeIgniter\Database\BaseConnection->initialize()
#3 /home/joshua/Documents/GitHub/4027_4090_S4/system/Database/BaseBuilder.php(1659): CodeIgniter\Database\BaseConnection->query()
#4 /home/joshua/Documents/GitHub/4027_4090_S4/system/Model.php(255): CodeIgniter\Database\BaseBuilder->get()
#5 /home/joshua/Documents/GitHub/4027_4090_S4/system/BaseModel.php(676): CodeIgniter\Model->doFindAll()
#6 /home/joshua/Documents/GitHub/4027_4090_S4/app/Controllers/PrefixeController.php(19): CodeIgniter\BaseModel->findAll()
#7 /home/joshua/Documents/GitHub/4027_4090_S4/system/CodeIgniter.php(974): App\Controllers\PrefixeController->index()
#8 /home/joshua/Documents/GitHub/4027_4090_S4/system/CodeIgniter.php(520): CodeIgniter\CodeIgniter->runController()
#9 /home/joshua/Documents/GitHub/4027_4090_S4/system/CodeIgniter.php(363): CodeIgniter\CodeIgniter->handleRequest()
#10 /home/joshua/Documents/GitHub/4027_4090_S4/system/Boot.php(417): CodeIgniter\CodeIgniter->run()
#11 /home/joshua/Documents/GitHub/4027_4090_S4/system/Boot.php(68): CodeIgniter\Boot::runCodeIgniter()
#12 /home/joshua/Documents/GitHub/4027_4090_S4/public/index.php(59): CodeIgniter\Boot::bootWeb()
#13 /home/joshua/Documents/GitHub/4027_4090_S4/system/rewrite.php(44): require_once('...')
#14 {main}

Next CodeIgniter\Database\Exceptions\DatabaseException: No such file or directory in /home/joshua/Documents/GitHub/4027_4090_S4/system/Database/MySQLi/Connection.php:231
Stack trace:
#0 /home/joshua/Documents/GitHub/4027_4090_S4/system/Database/BaseConnection.php(555): CodeIgniter\Database\MySQLi\Connection->connect()
#1 /home/joshua/Documents/GitHub/4027_4090_S4/system/Database/BaseConnection.php(795): CodeIgniter\Database\BaseConnection->initialize()
#2 /home/joshua/Documents/GitHub/4027_4090_S4/system/Database/BaseBuilder.php(1659): CodeIgniter\Database\BaseConnection->query()
#3 /home/joshua/Documents/GitHub/4027_4090_S4/system/Model.php(255): CodeIgniter\Database\BaseBuilder->get()
#4 /home/joshua/Documents/GitHub/4027_4090_S4/system/BaseModel.php(676): CodeIgniter\Model->doFindAll()
#5 /home/joshua/Documents/GitHub/4027_4090_S4/app/Controllers/PrefixeController.php(19): CodeIgniter\BaseModel->findAll()
#6 /home/joshua/Documents/GitHub/4027_4090_S4/system/CodeIgniter.php(974): App\Controllers\PrefixeController->index()
#7 /home/joshua/Documents/GitHub/4027_4090_S4/system/CodeIgniter.php(520): CodeIgniter\CodeIgniter->runController()
#8 /home/joshua/Documents/GitHub/4027_4090_S4/system/CodeIgniter.php(363): CodeIgniter\CodeIgniter->handleRequest()
#9 /home/joshua/Documents/GitHub/4027_4090_S4/system/Boot.php(417): CodeIgniter\CodeIgniter->run()
#10 /home/joshua/Documents/GitHub/4027_4090_S4/system/Boot.php(68): CodeIgniter\Boot::runCodeIgniter()
#11 /home/joshua/Documents/GitHub/4027_4090_S4/public/index.php(59): CodeIgniter\Boot::bootWeb()
#12 /home/joshua/Documents/GitHub/4027_4090_S4/system/rewrite.php(44): require_once('...')
#13 {main}
CRITICAL - 2026-07-20 08:06:57 --> CodeIgniter\Database\Exceptions\DatabaseException: Unable to connect to the database.
Main connection [MySQLi]: No such file or directory
[Method: GET, Route: operateur]
in SYSTEMPATH/Database/BaseConnection.php on line 606.
 1 SYSTEMPATH/Database/BaseConnection.php(795): CodeIgniter\Database\BaseConnection->initialize()
 2 SYSTEMPATH/Database/BaseBuilder.php(1659): CodeIgniter\Database\BaseConnection->query()
 3 SYSTEMPATH/Model.php(255): CodeIgniter\Database\BaseBuilder->get()
 4 SYSTEMPATH/BaseModel.php(676): CodeIgniter\Model->doFindAll()
 5 APPPATH/Controllers/PrefixeController.php(19): CodeIgniter\BaseModel->findAll()
 6 SYSTEMPATH/CodeIgniter.php(974): App\Controllers\PrefixeController->index()
 7 SYSTEMPATH/CodeIgniter.php(520): CodeIgniter\CodeIgniter->runController()
 8 SYSTEMPATH/CodeIgniter.php(363): CodeIgniter\CodeIgniter->handleRequest()
 9 SYSTEMPATH/Boot.php(417): CodeIgniter\CodeIgniter->run()
10 SYSTEMPATH/Boot.php(68): CodeIgniter\Boot::runCodeIgniter()
11 FCPATH/index.php(59): CodeIgniter\Boot::bootWeb()
12 SYSTEMPATH/rewrite.php(44): require_once('/home/joshua/Documents/GitHub/4027_4090_S4/public/index.php')
ERROR - 2026-07-20 08:06:59 --> Error connecting to the database: mysqli_sql_exception: No such file or directory in /home/joshua/Documents/GitHub/4027_4090_S4/system/Database/MySQLi/Connection.php:201
Stack trace:
#0 /home/joshua/Documents/GitHub/4027_4090_S4/system/Database/MySQLi/Connection.php(201): mysqli->real_connect()
#1 /home/joshua/Documents/GitHub/4027_4090_S4/system/Database/BaseConnection.php(555): CodeIgniter\Database\MySQLi\Connection->connect()
#2 /home/joshua/Documents/GitHub/4027_4090_S4/system/Database/BaseConnection.php(795): CodeIgniter\Database\BaseConnection->initialize()
#3 /home/joshua/Documents/GitHub/4027_4090_S4/system/Database/BaseBuilder.php(1659): CodeIgniter\Database\BaseConnection->query()
#4 /home/joshua/Documents/GitHub/4027_4090_S4/system/Model.php(255): CodeIgniter\Database\BaseBuilder->get()
#5 /home/joshua/Documents/GitHub/4027_4090_S4/system/BaseModel.php(676): CodeIgniter\Model->doFindAll()
#6 /home/joshua/Documents/GitHub/4027_4090_S4/app/Controllers/PrefixeController.php(19): CodeIgniter\BaseModel->findAll()
#7 /home/joshua/Documents/GitHub/4027_4090_S4/system/CodeIgniter.php(974): App\Controllers\PrefixeController->index()
#8 /home/joshua/Documents/GitHub/4027_4090_S4/system/CodeIgniter.php(520): CodeIgniter\CodeIgniter->runController()
#9 /home/joshua/Documents/GitHub/4027_4090_S4/system/CodeIgniter.php(363): CodeIgniter\CodeIgniter->handleRequest()
#10 /home/joshua/Documents/GitHub/4027_4090_S4/system/Boot.php(417): CodeIgniter\CodeIgniter->run()
#11 /home/joshua/Documents/GitHub/4027_4090_S4/system/Boot.php(68): CodeIgniter\Boot::runCodeIgniter()
#12 /home/joshua/Documents/GitHub/4027_4090_S4/public/index.php(59): CodeIgniter\Boot::bootWeb()
#13 /home/joshua/Documents/GitHub/4027_4090_S4/system/rewrite.php(44): require_once('...')
#14 {main}

Next CodeIgniter\Database\Exceptions\DatabaseException: No such file or directory in /home/joshua/Documents/GitHub/4027_4090_S4/system/Database/MySQLi/Connection.php:231
Stack trace:
#0 /home/joshua/Documents/GitHub/4027_4090_S4/system/Database/BaseConnection.php(555): CodeIgniter\Database\MySQLi\Connection->connect()
#1 /home/joshua/Documents/GitHub/4027_4090_S4/system/Database/BaseConnection.php(795): CodeIgniter\Database\BaseConnection->initialize()
#2 /home/joshua/Documents/GitHub/4027_4090_S4/system/Database/BaseBuilder.php(1659): CodeIgniter\Database\BaseConnection->query()
#3 /home/joshua/Documents/GitHub/4027_4090_S4/system/Model.php(255): CodeIgniter\Database\BaseBuilder->get()
#4 /home/joshua/Documents/GitHub/4027_4090_S4/system/BaseModel.php(676): CodeIgniter\Model->doFindAll()
#5 /home/joshua/Documents/GitHub/4027_4090_S4/app/Controllers/PrefixeController.php(19): CodeIgniter\BaseModel->findAll()
#6 /home/joshua/Documents/GitHub/4027_4090_S4/system/CodeIgniter.php(974): App\Controllers\PrefixeController->index()
#7 /home/joshua/Documents/GitHub/4027_4090_S4/system/CodeIgniter.php(520): CodeIgniter\CodeIgniter->runController()
#8 /home/joshua/Documents/GitHub/4027_4090_S4/system/CodeIgniter.php(363): CodeIgniter\CodeIgniter->handleRequest()
#9 /home/joshua/Documents/GitHub/4027_4090_S4/system/Boot.php(417): CodeIgniter\CodeIgniter->run()
#10 /home/joshua/Documents/GitHub/4027_4090_S4/system/Boot.php(68): CodeIgniter\Boot::runCodeIgniter()
#11 /home/joshua/Documents/GitHub/4027_4090_S4/public/index.php(59): CodeIgniter\Boot::bootWeb()
#12 /home/joshua/Documents/GitHub/4027_4090_S4/system/rewrite.php(44): require_once('...')
#13 {main}
CRITICAL - 2026-07-20 08:06:59 --> CodeIgniter\Database\Exceptions\DatabaseException: Unable to connect to the database.
Main connection [MySQLi]: No such file or directory
[Method: GET, Route: operateur]
in SYSTEMPATH/Database/BaseConnection.php on line 606.
 1 SYSTEMPATH/Database/BaseConnection.php(795): CodeIgniter\Database\BaseConnection->initialize()
 2 SYSTEMPATH/Database/BaseBuilder.php(1659): CodeIgniter\Database\BaseConnection->query()
 3 SYSTEMPATH/Model.php(255): CodeIgniter\Database\BaseBuilder->get()
 4 SYSTEMPATH/BaseModel.php(676): CodeIgniter\Model->doFindAll()
 5 APPPATH/Controllers/PrefixeController.php(19): CodeIgniter\BaseModel->findAll()
 6 SYSTEMPATH/CodeIgniter.php(974): App\Controllers\PrefixeController->index()
 7 SYSTEMPATH/CodeIgniter.php(520): CodeIgniter\CodeIgniter->runController()
 8 SYSTEMPATH/CodeIgniter.php(363): CodeIgniter\CodeIgniter->handleRequest()
 9 SYSTEMPATH/Boot.php(417): CodeIgniter\CodeIgniter->run()
10 SYSTEMPATH/Boot.php(68): CodeIgniter\Boot::runCodeIgniter()
11 FCPATH/index.php(59): CodeIgniter\Boot::bootWeb()
12 SYSTEMPATH/rewrite.php(44): require_once('/home/joshua/Documents/GitHub/4027_4090_S4/public/index.php')
ERROR - 2026-07-20 08:06:59 --> Error connecting to the database: mysqli_sql_exception: No such file or directory in /home/joshua/Documents/GitHub/4027_4090_S4/system/Database/MySQLi/Connection.php:201
Stack trace:
#0 /home/joshua/Documents/GitHub/4027_4090_S4/system/Database/MySQLi/Connection.php(201): mysqli->real_connect()
#1 /home/joshua/Documents/GitHub/4027_4090_S4/system/Database/BaseConnection.php(555): CodeIgniter\Database\MySQLi\Connection->connect()
#2 /home/joshua/Documents/GitHub/4027_4090_S4/system/Database/BaseConnection.php(795): CodeIgniter\Database\BaseConnection->initialize()
#3 /home/joshua/Documents/GitHub/4027_4090_S4/system/Database/BaseBuilder.php(1659): CodeIgniter\Database\BaseConnection->query()
#4 /home/joshua/Documents/GitHub/4027_4090_S4/system/Model.php(255): CodeIgniter\Database\BaseBuilder->get()
#5 /home/joshua/Documents/GitHub/4027_4090_S4/system/BaseModel.php(676): CodeIgniter\Model->doFindAll()
#6 /home/joshua/Documents/GitHub/4027_4090_S4/app/Controllers/PrefixeController.php(19): CodeIgniter\BaseModel->findAll()
#7 /home/joshua/Documents/GitHub/4027_4090_S4/system/CodeIgniter.php(974): App\Controllers\PrefixeController->index()
#8 /home/joshua/Documents/GitHub/4027_4090_S4/system/CodeIgniter.php(520): CodeIgniter\CodeIgniter->runController()
#9 /home/joshua/Documents/GitHub/4027_4090_S4/system/CodeIgniter.php(363): CodeIgniter\CodeIgniter->handleRequest()
#10 /home/joshua/Documents/GitHub/4027_4090_S4/system/Boot.php(417): CodeIgniter\CodeIgniter->run()
#11 /home/joshua/Documents/GitHub/4027_4090_S4/system/Boot.php(68): CodeIgniter\Boot::runCodeIgniter()
#12 /home/joshua/Documents/GitHub/4027_4090_S4/public/index.php(59): CodeIgniter\Boot::bootWeb()
#13 /home/joshua/Documents/GitHub/4027_4090_S4/system/rewrite.php(44): require_once('...')
#14 {main}

Next CodeIgniter\Database\Exceptions\DatabaseException: No such file or directory in /home/joshua/Documents/GitHub/4027_4090_S4/system/Database/MySQLi/Connection.php:231
Stack trace:
#0 /home/joshua/Documents/GitHub/4027_4090_S4/system/Database/BaseConnection.php(555): CodeIgniter\Database\MySQLi\Connection->connect()
#1 /home/joshua/Documents/GitHub/4027_4090_S4/system/Database/BaseConnection.php(795): CodeIgniter\Database\BaseConnection->initialize()
#2 /home/joshua/Documents/GitHub/4027_4090_S4/system/Database/BaseBuilder.php(1659): CodeIgniter\Database\BaseConnection->query()
#3 /home/joshua/Documents/GitHub/4027_4090_S4/system/Model.php(255): CodeIgniter\Database\BaseBuilder->get()
#4 /home/joshua/Documents/GitHub/4027_4090_S4/system/BaseModel.php(676): CodeIgniter\Model->doFindAll()
#5 /home/joshua/Documents/GitHub/4027_4090_S4/app/Controllers/PrefixeController.php(19): CodeIgniter\BaseModel->findAll()
#6 /home/joshua/Documents/GitHub/4027_4090_S4/system/CodeIgniter.php(974): App\Controllers\PrefixeController->index()
#7 /home/joshua/Documents/GitHub/4027_4090_S4/system/CodeIgniter.php(520): CodeIgniter\CodeIgniter->runController()
#8 /home/joshua/Documents/GitHub/4027_4090_S4/system/CodeIgniter.php(363): CodeIgniter\CodeIgniter->handleRequest()
#9 /home/joshua/Documents/GitHub/4027_4090_S4/system/Boot.php(417): CodeIgniter\CodeIgniter->run()
#10 /home/joshua/Documents/GitHub/4027_4090_S4/system/Boot.php(68): CodeIgniter\Boot::runCodeIgniter()
#11 /home/joshua/Documents/GitHub/4027_4090_S4/public/index.php(59): CodeIgniter\Boot::bootWeb()
#12 /home/joshua/Documents/GitHub/4027_4090_S4/system/rewrite.php(44): require_once('...')
#13 {main}
CRITICAL - 2026-07-20 08:06:59 --> CodeIgniter\Database\Exceptions\DatabaseException: Unable to connect to the database.
Main connection [MySQLi]: No such file or directory
[Method: GET, Route: operateur]
in SYSTEMPATH/Database/BaseConnection.php on line 606.
 1 SYSTEMPATH/Database/BaseConnection.php(795): CodeIgniter\Database\BaseConnection->initialize()
 2 SYSTEMPATH/Database/BaseBuilder.php(1659): CodeIgniter\Database\BaseConnection->query()
 3 SYSTEMPATH/Model.php(255): CodeIgniter\Database\BaseBuilder->get()
 4 SYSTEMPATH/BaseModel.php(676): CodeIgniter\Model->doFindAll()
 5 APPPATH/Controllers/PrefixeController.php(19): CodeIgniter\BaseModel->findAll()
 6 SYSTEMPATH/CodeIgniter.php(974): App\Controllers\PrefixeController->index()
 7 SYSTEMPATH/CodeIgniter.php(520): CodeIgniter\CodeIgniter->runController()
 8 SYSTEMPATH/CodeIgniter.php(363): CodeIgniter\CodeIgniter->handleRequest()
 9 SYSTEMPATH/Boot.php(417): CodeIgniter\CodeIgniter->run()
10 SYSTEMPATH/Boot.php(68): CodeIgniter\Boot::runCodeIgniter()
11 FCPATH/index.php(59): CodeIgniter\Boot::bootWeb()
12 SYSTEMPATH/rewrite.php(44): require_once('/home/joshua/Documents/GitHub/4027_4090_S4/public/index.php')
ERROR - 2026-07-20 08:13:53 --> Error connecting to the database: mysqli_sql_exception: No such file or directory in /home/joshua/Documents/GitHub/4027_4090_S4/system/Database/MySQLi/Connection.php:201
Stack trace:
#0 /home/joshua/Documents/GitHub/4027_4090_S4/system/Database/MySQLi/Connection.php(201): mysqli->real_connect()
#1 /home/joshua/Documents/GitHub/4027_4090_S4/system/Database/BaseConnection.php(555): CodeIgniter\Database\MySQLi\Connection->connect()
#2 /home/joshua/Documents/GitHub/4027_4090_S4/system/Database/BaseConnection.php(795): CodeIgniter\Database\BaseConnection->initialize()
#3 /home/joshua/Documents/GitHub/4027_4090_S4/system/Database/BaseBuilder.php(1659): CodeIgniter\Database\BaseConnection->query()
#4 /home/joshua/Documents/GitHub/4027_4090_S4/system/Model.php(255): CodeIgniter\Database\BaseBuilder->get()
#5 /home/joshua/Documents/GitHub/4027_4090_S4/system/BaseModel.php(676): CodeIgniter\Model->doFindAll()
#6 /home/joshua/Documents/GitHub/4027_4090_S4/app/Controllers/PrefixeController.php(19): CodeIgniter\BaseModel->findAll()
#7 /home/joshua/Documents/GitHub/4027_4090_S4/system/CodeIgniter.php(974): App\Controllers\PrefixeController->index()
#8 /home/joshua/Documents/GitHub/4027_4090_S4/system/CodeIgniter.php(520): CodeIgniter\CodeIgniter->runController()
#9 /home/joshua/Documents/GitHub/4027_4090_S4/system/CodeIgniter.php(363): CodeIgniter\CodeIgniter->handleRequest()
#10 /home/joshua/Documents/GitHub/4027_4090_S4/system/Boot.php(417): CodeIgniter\CodeIgniter->run()
#11 /home/joshua/Documents/GitHub/4027_4090_S4/system/Boot.php(68): CodeIgniter\Boot::runCodeIgniter()
#12 /home/joshua/Documents/GitHub/4027_4090_S4/public/index.php(59): CodeIgniter\Boot::bootWeb()
#13 /home/joshua/Documents/GitHub/4027_4090_S4/system/rewrite.php(44): require_once('...')
#14 {main}

Next CodeIgniter\Database\Exceptions\DatabaseException: No such file or directory in /home/joshua/Documents/GitHub/4027_4090_S4/system/Database/MySQLi/Connection.php:231
Stack trace:
#0 /home/joshua/Documents/GitHub/4027_4090_S4/system/Database/BaseConnection.php(555): CodeIgniter\Database\MySQLi\Connection->connect()
#1 /home/joshua/Documents/GitHub/4027_4090_S4/system/Database/BaseConnection.php(795): CodeIgniter\Database\BaseConnection->initialize()
#2 /home/joshua/Documents/GitHub/4027_4090_S4/system/Database/BaseBuilder.php(1659): CodeIgniter\Database\BaseConnection->query()
#3 /home/joshua/Documents/GitHub/4027_4090_S4/system/Model.php(255): CodeIgniter\Database\BaseBuilder->get()
#4 /home/joshua/Documents/GitHub/4027_4090_S4/system/BaseModel.php(676): CodeIgniter\Model->doFindAll()
#5 /home/joshua/Documents/GitHub/4027_4090_S4/app/Controllers/PrefixeController.php(19): CodeIgniter\BaseModel->findAll()
#6 /home/joshua/Documents/GitHub/4027_4090_S4/system/CodeIgniter.php(974): App\Controllers\PrefixeController->index()
#7 /home/joshua/Documents/GitHub/4027_4090_S4/system/CodeIgniter.php(520): CodeIgniter\CodeIgniter->runController()
#8 /home/joshua/Documents/GitHub/4027_4090_S4/system/CodeIgniter.php(363): CodeIgniter\CodeIgniter->handleRequest()
#9 /home/joshua/Documents/GitHub/4027_4090_S4/system/Boot.php(417): CodeIgniter\CodeIgniter->run()
#10 /home/joshua/Documents/GitHub/4027_4090_S4/system/Boot.php(68): CodeIgniter\Boot::runCodeIgniter()
#11 /home/joshua/Documents/GitHub/4027_4090_S4/public/index.php(59): CodeIgniter\Boot::bootWeb()
#12 /home/joshua/Documents/GitHub/4027_4090_S4/system/rewrite.php(44): require_once('...')
#13 {main}
CRITICAL - 2026-07-20 08:13:53 --> CodeIgniter\Database\Exceptions\DatabaseException: Unable to connect to the database.
Main connection [MySQLi]: No such file or directory
[Method: GET, Route: operateur]
in SYSTEMPATH/Database/BaseConnection.php on line 606.
 1 SYSTEMPATH/Database/BaseConnection.php(795): CodeIgniter\Database\BaseConnection->initialize()
 2 SYSTEMPATH/Database/BaseBuilder.php(1659): CodeIgniter\Database\BaseConnection->query()
 3 SYSTEMPATH/Model.php(255): CodeIgniter\Database\BaseBuilder->get()
 4 SYSTEMPATH/BaseModel.php(676): CodeIgniter\Model->doFindAll()
 5 APPPATH/Controllers/PrefixeController.php(19): CodeIgniter\BaseModel->findAll()
 6 SYSTEMPATH/CodeIgniter.php(974): App\Controllers\PrefixeController->index()
 7 SYSTEMPATH/CodeIgniter.php(520): CodeIgniter\CodeIgniter->runController()
 8 SYSTEMPATH/CodeIgniter.php(363): CodeIgniter\CodeIgniter->handleRequest()
 9 SYSTEMPATH/Boot.php(417): CodeIgniter\CodeIgniter->run()
10 SYSTEMPATH/Boot.php(68): CodeIgniter\Boot::runCodeIgniter()
11 FCPATH/index.php(59): CodeIgniter\Boot::bootWeb()
12 SYSTEMPATH/rewrite.php(44): require_once('/home/joshua/Documents/GitHub/4027_4090_S4/public/index.php')
